<?xml version="1.0" encoding="utf-8"?><testsuites name="pytest tests"><testsuite name="pytest" errors="0" failures="0" skipped="0" tests="19" time="5.505" timestamp="2026-09-09T14:40:29.866242+00:00" hostname="agent-env-997b4df3-97cb-4b93-b752-4f672618fdee"><testcase classname="tests.backend_test.TestCRM" name="test_companies" time="0.622" /><testcase classname="tests.backend_test.TestAuth" name="test_login_success" time="0.638" /><testcase classname="tests.backend_test.TestCRM" name="test_dashboard_summary" time="0.044" /><testcase classname="tests.backend_test.TestAuth" name="test_login_wrong_password" time="0.385" /><testcase classname="tests.backend_test.TestCRM" name="test_invoices_and_filter" time="0.089" /><testcase classname="tests.backend_test.TestCRM" name="test_mark_invoice_paid_persists" time="0.376" /><testcase classname="tests.backend_test.TestAuth" name="test_register_and_me" time="0.379" /><testcase classname="tests.backend_test.TestCRM" name="test_drive_files_and_import" time="0.345" /><testcase classname="tests.backend_test.TestAuth" name="test_forgot_password_generic" time="0.155" /><testcase classname="tests.backend_test.TestCRM" name="test_pec_messages_and_read" time="0.142" /><testcase classname="tests.backend_test.TestAuth" name="test_logout" time="0.485" /><testcase classname="tests.backend_test.TestCRM" name="test_pec_send" time="0.370" /><testcase classname="tests.backend_test.TestCRM" name="test_bilanci" time="0.038" /><testcase classname="tests.backend_test.TestCRM" name="test_sync_status_and_teamsystem" time="0.174" /><testcase classname="tests.backend_test.TestCron" name="test_cron_unauthorized" time="0.105" /><testcase classname="tests.backend_test.TestCron" name="test_cron_wrong_secret" time="0.263" /><testcase classname="tests.backend_test.TestCopilot" name="test_history_empty_for_new_session" time="0.039" /><testcase classname="tests.backend_test.TestCopilot" name="test_chat_stream_and_history_persist" time="2.741" /><testcase classname="tests.backend_test.TestCron" name="test_cron_authorized" time="0.080" /></testsuite></testsuites>